<?xml version="1.0" encoding="UTF-8"?>
<testng-results ignored="0" total="2" passed="2" failed="0" skipped="0">
  <reporter-output>
  </reporter-output>
  <suite started-at="2021-05-24T00:54:45 PDT" name="Default suite" finished-at="2021-05-24T00:54:51 PDT" duration-ms="6447">
    <groups>
    </groups>
    <test started-at="2021-05-24T00:54:45 PDT" name="Default test" finished-at="2021-05-24T00:54:51 PDT" duration-ms="6447">
      <class name="Tests.OpencatsLogin">
        <test-method is-config="true" signature="createDBConn()[pri:0, instance:Tests.OpencatsLogin@5136d012]" started-at="2021-05-24T00:54:45 PDT" name="createDBConn" finished-at="2021-05-24T00:54:45 PDT" duration-ms="7" status="PASS">
          <reporter-output>
          </reporter-output>
        </test-method> <!-- createDBConn -->
        <test-method is-config="true" signature="launchBrowser()[pri:0, instance:Tests.OpencatsLogin@5136d012]" started-at="2021-05-24T00:54:45 PDT" name="launchBrowser" finished-at="2021-05-24T00:54:49 PDT" duration-ms="3634" status="PASS">
          <reporter-output>
          </reporter-output>
        </test-method> <!-- launchBrowser -->
        <test-method signature="LoginTest(java.lang.String, java.lang.String)[pri:0, instance:Tests.OpencatsLogin@5136d012]" started-at="2021-05-24T00:54:49 PDT" name="LoginTest" data-provider="users" finished-at="2021-05-24T00:54:50 PDT" duration-ms="1410" status="PASS">
          <params>
            <param index="0">
              <value>
                <![CDATA[open]]>
              </value>
            </param>
            <param index="1">
              <value>
                <![CDATA[yhUqysy]]>
              </value>
            </param>
          </params>
          <reporter-output>
          </reporter-output>
        </test-method> <!-- LoginTest -->
        <test-method signature="LoginTest(java.lang.String, java.lang.String)[pri:0, instance:Tests.OpencatsLogin@5136d012]" started-at="2021-05-24T00:54:50 PDT" name="LoginTest" data-provider="users" finished-at="2021-05-24T00:54:51 PDT" duration-ms="1369" status="PASS">
          <params>
            <param index="0">
              <value>
                <![CDATA[mngr302602]]>
              </value>
            </param>
            <param index="1">
              <value>
                <![CDATA[233]]>
              </value>
            </param>
          </params>
          <reporter-output>
          </reporter-output>
        </test-method> <!-- LoginTest -->
        <test-method is-config="true" signature="closeDBConn()[pri:0, instance:Tests.OpencatsLogin@5136d012]" started-at="2021-05-24T00:54:51 PDT" name="closeDBConn" finished-at="2021-05-24T00:54:51 PDT" duration-ms="0" status="PASS">
          <reporter-output>
          </reporter-output>
        </test-method> <!-- closeDBConn -->
      </class> <!-- Tests.OpencatsLogin -->
    </test> <!-- Default test -->
  </suite> <!-- Default suite -->
</testng-results>
